c:\users\nj\source\repos\provider\provider\debug\vc142.pdb
c:\users\nj\source\repos\provider\provider\debug\.netframework,version=v4.7.2.assemblyattributes.obj
c:\users\nj\source\repos\provider\provider\debug\event.obj
c:\users\nj\source\repos\provider\provider\debug\api.obj
c:\users\nj\source\repos\provider\provider\debug\createcalendar.obj
c:\users\nj\source\repos\provider\provider\debug\myevents.obj
c:\users\nj\source\repos\provider\provider\debug\login.obj
c:\users\nj\source\repos\provider\debug\provider.exe
c:\users\nj\source\repos\provider\debug\provider.pdb
c:\users\nj\source\repos\provider\provider\debug\provider.createcalendar.resources
c:\users\nj\source\repos\provider\provider\debug\provider.event.resources
c:\users\nj\source\repos\provider\provider\debug\provider.login.resources
c:\users\nj\source\repos\provider\provider\debug\provider.myevents.resources
c:\users\nj\source\repos\provider\provider\debug\provider.tlog\cl.command.1.tlog
c:\users\nj\source\repos\provider\provider\debug\provider.tlog\cl.read.1.tlog
c:\users\nj\source\repos\provider\provider\debug\provider.tlog\cl.write.1.tlog
c:\users\nj\source\repos\provider\provider\debug\provider.tlog\link.command.1.tlog
c:\users\nj\source\repos\provider\provider\debug\provider.tlog\link.read.1.tlog
c:\users\nj\source\repos\provider\provider\debug\provider.tlog\link.write.1.tlog
c:\users\nj\source\repos\provider\provider\debug\provider.tlog\metagen.read.1.tlog
c:\users\nj\source\repos\provider\provider\debug\provider.tlog\metagen.write.1.tlog
c:\users\nj\source\repos\provider\provider\debug\provider.tlog\provider.write.1u.tlog
